Determining if the pthread_create exist failed with the following output:
Change Dir: /home/joseph/project_ws/build/vrep_ros_interface/CMakeFiles/CMakeTmp

Run Build Command:"/usr/bin/make" "cmTC_aad96/fast"
/usr/bin/make -f CMakeFiles/cmTC_aad96.dir/build.make CMakeFiles/cmTC_aad96.dir/build
make[1]: Entering directory '/home/joseph/project_ws/build/vrep_ros_interface/CMakeFiles/CMakeTmp'
Building C object CMakeFiles/cmTC_aad96.dir/CheckSymbolExists.c.o
/usr/bin/cc     -o CMakeFiles/cmTC_aad96.dir/CheckSymbolExists.c.o   -c /home/joseph/project_ws/build/vrep_ros_interface/CMakeFiles/CMakeTmp/CheckSymbolExists.c
Linking C executable cmTC_aad96
/usr/bin/cmake -E cmake_link_script CMakeFiles/cmTC_aad96.dir/link.txt --verbose=1
/usr/bin/cc       CMakeFiles/cmTC_aad96.dir/CheckSymbolExists.c.o  -o cmTC_aad96 -rdynamic 
CMakeFiles/cmTC_aad96.dir/CheckSymbolExists.c.o: In function `main':
CheckSymbolExists.c:(.text+0x16): undefined reference to `pthread_create'
collect2: error: ld returned 1 exit status
CMakeFiles/cmTC_aad96.dir/build.make:97: recipe for target 'cmTC_aad96' failed
make[1]: *** [cmTC_aad96] Error 1
make[1]: Leaving directory '/home/joseph/project_ws/build/vrep_ros_interface/CMakeFiles/CMakeTmp'
Makefile:126: recipe for target 'cmTC_aad96/fast' failed
make: *** [cmTC_aad96/fast] Error 2

File /home/joseph/project_ws/build/vrep_ros_interface/CMakeFiles/CMakeTmp/CheckSymbolExists.c:
/* */
#include <pthread.h>

int main(int argc, char** argv)
{
  (void)argv;
#ifndef pthread_create
  return ((int*)(&pthread_create))[argc];
#else
  (void)argc;
  return 0;
#endif
}

Determining if the function pthread_create exists in the pthreads failed with the following output:
Change Dir: /home/joseph/project_ws/build/vrep_ros_interface/CMakeFiles/CMakeTmp

Run Build Command:"/usr/bin/make" "cmTC_58c60/fast"
/usr/bin/make -f CMakeFiles/cmTC_58c60.dir/build.make CMakeFiles/cmTC_58c60.dir/build
make[1]: Entering directory '/home/joseph/project_ws/build/vrep_ros_interface/CMakeFiles/CMakeTmp'
Building C object CMakeFiles/cmTC_58c60.dir/CheckFunctionExists.c.o
/usr/bin/cc    -DCHECK_FUNCTION_EXISTS=pthread_create   -o CMakeFiles/cmTC_58c60.dir/CheckFunctionExists.c.o   -c /usr/share/cmake-3.5/Modules/CheckFunctionExists.c
Linking C executable cmTC_58c60
/usr/bin/cmake -E cmake_link_script CMakeFiles/cmTC_58c60.dir/link.txt --verbose=1
/usr/bin/cc   -DCHECK_FUNCTION_EXISTS=pthread_create    CMakeFiles/cmTC_58c60.dir/CheckFunctionExists.c.o  -o cmTC_58c60 -rdynamic -lpthreads 
/usr/bin/ld: cannot find -lpthreads
collect2: error: ld returned 1 exit status
CMakeFiles/cmTC_58c60.dir/build.make:97: recipe for target 'cmTC_58c60' failed
make[1]: *** [cmTC_58c60] Error 1
make[1]: Leaving directory '/home/joseph/project_ws/build/vrep_ros_interface/CMakeFiles/CMakeTmp'
Makefile:126: recipe for target 'cmTC_58c60/fast' failed
make: *** [cmTC_58c60/fast] Error 2


