[  0%] Built target tf2_msgs_generate_messages_lisp
[  0%] Built target actionlib_msgs_generate_messages_lisp
[  5%] [34m[1mGenerating generated/srvcall.cpp[0m
[  5%] Built target tf2_msgs_generate_messages_nodejs
[ 10%] [34m[1mGenerating generated/srvcli.cpp[0m
[ 15%] [34m[1mGenerating generated/adv.cpp[0m
[ 20%] [34m[1mGenerating generated/ros_srv_io.h[0m
WARNING: bad msg: driver_base/ConfigString
WARNING: bad msg: driver_base/ConfigValue
WARNING: bad msg: driver_base/SensorLevels
[ 25%] [34m[1mGenerating generated/ros_msg_io.h[0m
[ 30%] [34m[1mGenerating generated/pub.cpp[0m
[ 35%] [34m[1mGenerating generated/ros_msg_io.cpp[0m
WARNING: bad msg: driver_base/ConfigString
WARNING: bad msg: driver_base/ConfigString
WARNING: bad msg: driver_base/ConfigValue
WARNING: bad msg: driver_base/ConfigValue
WARNING: bad msg: driver_base/SensorLevels
WARNING: bad msg: driver_base/ConfigString
WARNING: bad msg: driver_base/SensorLevels
WARNING: bad msg: driver_base/ConfigValue
WARNING: bad msg: driver_base/SensorLevels
[ 40%] [34m[1mGenerating generated/srvsrv.cpp[0m
[ 45%] [34m[1mGenerating generated/ros_srv_io.cpp[0m
WARNING: bad msg: driver_base/ConfigString
WARNING: bad msg: driver_base/ConfigValue
WARNING: bad msg: driver_base/SensorLevels
[ 45%] Built target tf2_msgs_generate_messages_eus
[ 45%] Built target sensor_msgs_generate_messages_cpp
[ 45%] Built target std_msgs_generate_messages_eus
[35m[1mScanning dependencies of target roscpp_generate_messages_lisp[0m
[ 45%] Built target roscpp_generate_messages_lisp
[35m[1mScanning dependencies of target std_msgs_generate_messages_py[0m
[ 45%] Built target std_msgs_generate_messages_py
[35m[1mScanning dependencies of target rosgraph_msgs_generate_messages_lisp[0m
[ 45%] Built target rosgraph_msgs_generate_messages_lisp
[35m[1mScanning dependencies of target roscpp_generate_messages_nodejs[0m
[ 45%] Built target roscpp_generate_messages_nodejs
[35m[1mScanning dependencies of target tf_generate_messages_eus[0m
[ 45%] Built target tf_generate_messages_eus
[35m[1mScanning dependencies of target rosgraph_msgs_generate_messages_nodejs[0m
[ 45%] Built target rosgraph_msgs_generate_messages_nodejs
[35m[1mScanning dependencies of target rosgraph_msgs_generate_messages_cpp[0m
[ 45%] Built target rosgraph_msgs_generate_messages_cpp
[35m[1mScanning dependencies of target tf2_msgs_generate_messages_cpp[0m
[ 45%] Built target tf2_msgs_generate_messages_cpp
[35m[1mScanning dependencies of target std_msgs_generate_messages_lisp[0m
[ 45%] Built target std_msgs_generate_messages_lisp
[35m[1mScanning dependencies of target geometry_msgs_generate_messages_lisp[0m
[ 45%] Built target geometry_msgs_generate_messages_lisp
[35m[1mScanning dependencies of target roscpp_generate_messages_eus[0m
[ 45%] Built target roscpp_generate_messages_eus
[35m[1mScanning dependencies of target roscpp_generate_messages_cpp[0m
[35m[1mScanning dependencies of target geometry_msgs_generate_messages_eus[0m
[ 45%] Built target roscpp_generate_messages_cpp
[ 45%] Built target geometry_msgs_generate_messages_eus
[ 50%] [34m[1mGenerating generated/sub.cpp[0m
[35m[1mScanning dependencies of target actionlib_msgs_generate_messages_py[0m
[ 50%] Built target actionlib_msgs_generate_messages_py
[35m[1mScanning dependencies of target geometry_msgs_generate_messages_nodejs[0m
[ 50%] Built target geometry_msgs_generate_messages_nodejs
[35m[1mScanning dependencies of target rosgraph_msgs_generate_messages_eus[0m
[ 50%] Built target rosgraph_msgs_generate_messages_eus
[35m[1mScanning dependencies of target tf_generate_messages_cpp[0m
[ 50%] Built target tf_generate_messages_cpp
[35m[1mScanning dependencies of target actionlib_generate_messages_eus[0m
[ 50%] Built target actionlib_generate_messages_eus
[35m[1mScanning dependencies of target sensor_msgs_generate_messages_lisp[0m
[ 50%] Built target sensor_msgs_generate_messages_lisp
[35m[1mScanning dependencies of target sensor_msgs_generate_messages_nodejs[0m
[ 50%] Built target sensor_msgs_generate_messages_nodejs
[35m[1mScanning dependencies of target geometry_msgs_generate_messages_cpp[0m
[ 50%] Built target geometry_msgs_generate_messages_cpp
[35m[1mScanning dependencies of target std_msgs_generate_messages_nodejs[0m
[ 50%] Built target std_msgs_generate_messages_nodejs
[35m[1mScanning dependencies of target geometry_msgs_generate_messages_py[0m
[ 50%] Built target geometry_msgs_generate_messages_py
[35m[1mScanning dependencies of target rosgraph_msgs_generate_messages_py[0m
WARNING: bad msg: driver_base/ConfigString
WARNING: bad msg: driver_base/ConfigValue
[ 50%] Built target rosgraph_msgs_generate_messages_py
WARNING: bad msg: driver_base/SensorLevels
[35m[1mScanning dependencies of target tf_generate_messages_lisp[0m
[ 50%] Built target tf_generate_messages_lisp
[35m[1mScanning dependencies of target roscpp_generate_messages_py[0m
[ 50%] Built target roscpp_generate_messages_py
[35m[1mScanning dependencies of target tf_generate_messages_nodejs[0m
[ 50%] Built target tf_generate_messages_nodejs
[35m[1mScanning dependencies of target tf_generate_messages_py[0m
[ 50%] Built target tf_generate_messages_py
[35m[1mScanning dependencies of target sensor_msgs_generate_messages_py[0m
[ 50%] Built target sensor_msgs_generate_messages_py
[35m[1mScanning dependencies of target actionlib_generate_messages_cpp[0m
[ 50%] Built target actionlib_generate_messages_cpp
[35m[1mScanning dependencies of target tf2_msgs_generate_messages_py[0m
[ 50%] Built target tf2_msgs_generate_messages_py
[35m[1mScanning dependencies of target actionlib_msgs_generate_messages_nodejs[0m
[ 50%] Built target actionlib_msgs_generate_messages_nodejs
[35m[1mScanning dependencies of target actionlib_msgs_generate_messages_eus[0m
[ 50%] Built target actionlib_msgs_generate_messages_eus
[35m[1mScanning dependencies of target actionlib_generate_messages_lisp[0m
[ 50%] Built target actionlib_generate_messages_lisp
[35m[1mScanning dependencies of target sensor_msgs_generate_messages_eus[0m
[ 50%] Built target sensor_msgs_generate_messages_eus
[35m[1mScanning dependencies of target actionlib_msgs_generate_messages_cpp[0m
[ 50%] Built target actionlib_msgs_generate_messages_cpp
[35m[1mScanning dependencies of target std_msgs_generate_messages_cpp[0m
[ 50%] Built target std_msgs_generate_messages_cpp
[35m[1mScanning dependencies of target actionlib_generate_messages_nodejs[0m
[ 50%] Built target actionlib_generate_messages_nodejs
[35m[1mScanning dependencies of target actionlib_generate_messages_py[0m
[ 50%] Built target actionlib_generate_messages_py
WARNING: bad msg: driver_base/ConfigString
WARNING: bad msg: driver_base/ConfigValue
WARNING: bad msg: driver_base/SensorLevels
[ 50%] Built target generate_ros_code
[ 55%] [34m[1mGenerating generated/stubs.cpp, generated/stubs.h[0m
running external/pycpp/pycpp
running external/pycpp/pycpp
no lua file defined. skipping lua_to_xml
no lua file defined. skipping gen_reference_xml
running xsltproc
no lua file defined. skipping gen_lua_calltips
running generate_notepadplusplus_xml
running generate_notepadplusplus_txt
running generate_deprecated_txt
[35m[1mScanning dependencies of target v_repExtRosInterface[0m
[ 70%] [32mBuilding CXX object CMakeFiles/v_repExtRosInterface.dir/src/vrep_ros_interface.cpp.o[0m
[ 75%] [32mBuilding CXX object CMakeFiles/v_repExtRosInterface.dir/home/joseph/Desktop/V-REP_PRO_EDU_V3_4_0_Linux/programming/common/v_repLib.cpp.o[0m
[ 70%] [32mBuilding CXX object CMakeFiles/v_repExtRosInterface.dir/src/ros_msg_builtin_io.cpp.o[0m
[ 70%] [32mBuilding CXX object CMakeFiles/v_repExtRosInterface.dir/generated/stubs.cpp.o[0m
[ 80%] [32mBuilding CXX object CMakeFiles/v_repExtRosInterface.dir/generated/ros_msg_io.cpp.o[0m
[ 85%] [32mBuilding CXX object CMakeFiles/v_repExtRosInterface.dir/generated/ros_srv_io.cpp.o[0m
[ 90%] [32m[1mLinking CXX shared library /home/joseph/project_ws/devel/.private/vrep_ros_interface/lib/libv_repExtRosInterface.so[0m
[100%] Built target v_repExtRosInterface
